2025-04-27 16:09:38,283 DEBUG:Waiting for play_next event...
2025-04-27 16:09:38,303 WARNING:No eligible clips found. Falling back to any clip.
2025-04-27 16:09:38,304 WARNING:No clip found to play.
2025-04-27 16:09:43,304 DEBUG:Waiting for play_next event...
2025-04-27 16:09:51,302 INFO:Selected clip: ROCK MUSIC/SUM 41 - FATLIP (OFFICIAL MUSIC VIDEO)
2025-04-27 16:09:51,315 INFO:Now playing: Sum 41 - Fatlip
2025-04-27 16:09:51,316 DEBUG:Waiting for play_next event...
2025-04-27 16:15:23,840 DEBUG:Waiting for play_next event...
2025-04-27 16:15:23,843 INFO:Selected clip: ROCK MUSIC/ALESTORM - KEELHAULED (CLEAN) (SINGLE)
2025-04-27 16:15:23,851 INFO:Now playing: Alestorm - Keelhauled
2025-04-27 16:15:23,851 DEBUG:Waiting for play_next event...
2025-04-27 16:19:06,412 INFO:Selected clip: ROCK MUSIC/TAKING BACK SUNDAY - MAKEDAMNSURE
2025-04-27 16:19:06,419 INFO:Now playing: Taking Back Sunday - Makedamnsure
2025-04-27 16:19:06,420 DEBUG:Waiting for play_next event...
2025-04-27 16:20:24,706 INFO:Selected clip: ROCK MUSIC/NONPOINT - MINT + LYRICS
2025-04-27 16:20:24,713 INFO:Now playing: Nonpoint - Mint + Lyrics
2025-04-27 16:20:24,713 DEBUG:Waiting for play_next event...
2025-04-27 16:20:44,547 INFO:Selected clip: ROCK MUSIC/THE DEAD 60'S - RIOT RADIO (CLEAN) (SINGLE)
2025-04-27 16:20:44,554 INFO:Now playing: The Dead 60'S - Riot Radio
2025-04-27 16:20:44,555 DEBUG:Waiting for play_next event...
2025-04-27 16:23:02,979 INFO:Selected clip: ROCK MUSIC/BLINK-182 - WHAT'S MY AGE AGAIN (CLEAN) (SINGLE)
2025-04-27 16:23:02,986 INFO:Now playing: Blink - 182
2025-04-27 16:23:02,987 DEBUG:Waiting for play_next event...
2025-04-27 16:25:28,347 INFO:Selected clip: ROCK MUSIC/EVANESCENCE - GOING UNDER (CLEAN) (SINGLE)
2025-04-27 16:25:28,354 INFO:Now playing: Evanescence - Going Under
2025-04-27 16:25:28,354 DEBUG:Waiting for play_next event...
2025-04-27 16:29:06,898 INFO:Selected clip: ROCK MUSIC/STAIND - BELIEVE (CLEAN) (SINGLE)
2025-04-27 16:29:06,909 INFO:Now playing: Staind - Believe
2025-04-27 16:29:06,910 DEBUG:Waiting for play_next event...
2025-04-27 16:33:28,594 INFO:Selected clip: ROCK MUSIC/STORY OF THE YEAR - UNTIL THE DAY I DIE (OFFICIAL MUSIC VIDEO) ｜ WARNER VAULT
2025-04-27 16:33:28,605 INFO:Now playing: Story Of The Year - Until The Day I Die  ｜ Warner Vault
2025-04-27 16:33:28,605 DEBUG:Waiting for play_next event...
2025-04-27 16:55:57,078 DEBUG:Waiting for play_next event...
2025-04-27 16:55:57,081 INFO:Selected clip: ROCK MUSIC/EVE 6  -  INSIDE OUT
2025-04-27 16:55:57,086 INFO:Now playing: Eve 6 - Inside Out
2025-04-27 16:55:57,086 DEBUG:Waiting for play_next event...
2025-04-27 16:59:39,653 INFO:Selected clip: ROCK MUSIC/BOWLING FOR SOUP - GIRL ALL THE BAD GUYS WANT (CLEAN) (SINGLE)
2025-04-27 16:59:39,662 INFO:Now playing: Bowling For Soup - Girl All The Bad Guys Want
2025-04-27 16:59:39,662 DEBUG:Waiting for play_next event...
2025-04-27 17:02:58,195 INFO:Selected clip: ROCK MUSIC/SUM 41 - LANDMINES (DIRTY) (SINGLE) (HD)
2025-04-27 17:02:58,204 INFO:Now playing: Sum 41 - Landmines
2025-04-27 17:02:58,204 DEBUG:Waiting for play_next event...
2025-04-27 17:05:54,681 INFO:Selected clip: ROCK MUSIC/BLINK-182 - ADAM'S SONG (CLEAN) (SINGLE)
2025-04-27 17:05:54,690 INFO:Now playing: Blink - 182
2025-04-27 17:05:54,690 DEBUG:Waiting for play_next event...
2025-04-27 17:07:12,063 DEBUG:Waiting for play_next event...
2025-04-27 17:07:12,065 INFO:Selected clip: ROCK MUSIC/WEEZER - UNDONE -- THE SWEATER SONG
2025-04-27 17:07:12,070 INFO:Now playing: Weezer - Undone
2025-04-27 17:07:12,070 DEBUG:Waiting for play_next event...
2025-04-27 17:11:26,719 INFO:Selected clip: ROCK MUSIC/MARILYN MANSON  -  SWEET DREAMS (ARE MADE OF THIS) (ALT. VERSION)
2025-04-27 17:11:26,726 INFO:Now playing: Marilyn Manson - Sweet Dreams
2025-04-27 17:11:26,726 DEBUG:Waiting for play_next event...
2025-04-27 17:16:24,483 INFO:Selected clip: ROCK MUSIC/OFFSPRING - ORIGINAL PRANKSTER (CLEAN) (SINGLE)
2025-04-27 17:16:24,491 INFO:Now playing: Offspring - Original Prankster
2025-04-27 17:16:24,491 DEBUG:Waiting for play_next event...
2025-04-27 17:20:06,104 INFO:Selected clip: ROCK MUSIC/THE RASMUS - IN THE SHADOWS (US VERSION)
2025-04-27 17:20:06,112 INFO:Now playing: The Rasmus - In The Shadows
2025-04-27 17:20:06,112 DEBUG:Waiting for play_next event...
2025-04-27 17:23:45,685 INFO:Selected clip: ROCK MUSIC/THE FRAY - NEVER SAY NEVER
2025-04-27 17:23:45,692 INFO:Now playing: The Fray - Never Say Never
2025-04-27 17:23:45,692 DEBUG:Waiting for play_next event...
2025-04-27 17:27:50,311 INFO:Selected clip: ROCK MUSIC/PEARL JAM - THE FIXER (CLEAN) (SINGLE) (HD)
2025-04-27 17:27:50,321 INFO:Now playing: Pearl Jam - The Fixer
2025-04-27 17:27:50,322 DEBUG:Waiting for play_next event...
2025-04-27 17:30:44,809 INFO:Selected clip: ROCK MUSIC/ASKING ALEXANDRIA - THE FINAL EPISODE (LET'S CHANGE THE CHANNEL) OFFICIAL MUSIC VIDEO
2025-04-27 17:30:44,817 INFO:Now playing: Asking Alexandria - The Final Episode  Official Music Video
2025-04-27 17:30:44,817 DEBUG:Waiting for play_next event...
2025-04-27 17:35:25,562 INFO:Selected clip: ROCK MUSIC/STAIND - SO FAR AWAY (OFFICIAL VIDEO)
2025-04-27 17:35:25,570 INFO:Now playing: Staind - So Far Away
2025-04-27 17:35:25,570 DEBUG:Waiting for play_next event...
2025-04-27 17:39:32,212 INFO:Selected clip: ROCK MUSIC/STEVEN WILSON - IMPOSSIBLE TIGHTROPE (CLEAN) (SINGLE) (HD)
2025-04-27 17:39:32,218 INFO:Now playing: Steven Wilson - Impossible Tightrope
2025-04-27 17:39:32,218 DEBUG:Waiting for play_next event...
2025-04-27 17:50:16,949 INFO:Selected clip: ROCK MUSIC/GREEN DAY - BOULEVARD OF BROKEN DREAMS (CLEAN) (SINGLE)
2025-04-27 17:50:16,957 INFO:Now playing: Green Day - Boulevard Of Broken Dreams
2025-04-27 17:50:16,958 DEBUG:Waiting for play_next event...
2025-04-27 17:54:36,671 INFO:Selected clip: ROCK MUSIC/GOGOL BORDELLO - START WEARING PURPLE (CLEAN) (SINGLE)
2025-04-27 17:54:36,684 INFO:Now playing: Gogol Bordello - Start Wearing Purple
2025-04-27 17:54:36,684 DEBUG:Waiting for play_next event...
2025-04-27 17:58:20,307 INFO:Selected clip: ROCK MUSIC/DIRTY HONEY - WON'T TAKE ME ALIVE (CLEAN) (SINGLE) (HD)
2025-04-27 17:58:20,315 INFO:Now playing: Dirty Honey - Won'T Take Me Alive
2025-04-27 17:58:20,316 DEBUG:Waiting for play_next event...
2025-04-27 18:02:02,901 INFO:Selected clip: ROCK MUSIC/THE KILLERS - MR. BRIGHTSIDE (OFFICIAL MUSIC VIDEO)
2025-04-27 18:02:02,908 INFO:Now playing: The Killers - Mr. Brightside
2025-04-27 18:02:02,908 DEBUG:Waiting for play_next event...
2025-04-27 18:05:50,516 INFO:Selected clip: ROCK MUSIC/OASIS - SLIDE AWAY (LIVE2006 SITTING HERE IN SILENCE)
2025-04-27 18:05:50,523 INFO:Now playing: Oasis - Slide Away
2025-04-27 18:05:50,524 DEBUG:Waiting for play_next event...
2025-04-27 18:12:14,504 INFO:Selected clip: ROCK MUSIC/SPACEHOG - IN THE MEANTIME (OFFICIAL MUSIC VIDEO)
2025-04-27 18:12:14,515 INFO:Now playing: Spacehog - In The Meantime
2025-04-27 18:12:14,515 DEBUG:Waiting for play_next event...
2025-04-27 18:16:47,230 INFO:Selected clip: ROCK MUSIC/THE KILLERS - MR BRIGHTSIDE (CLEAN) (SINGLE) (HD)
2025-04-27 18:16:47,237 INFO:Now playing: The Killers - Mr Brightside
2025-04-27 18:16:47,238 DEBUG:Waiting for play_next event...
2025-04-27 18:20:30,872 INFO:Selected clip: ROCK MUSIC/LINKIN PARK - FINAL MASQUERADE (CLEAN) (SINGLE) (HD)
2025-04-27 18:20:30,879 INFO:Now playing: Linkin Park - Final Masquerade
2025-04-27 18:20:30,880 DEBUG:Waiting for play_next event...
2025-04-27 18:24:05,458 INFO:Selected clip: ROCK MUSIC/SYSTEM OF A DOWN - QUESTION! (OFFICIAL HD VIDEO)
2025-04-27 18:24:05,467 INFO:Now playing: System Of A Down - Question!
2025-04-27 18:24:05,467 DEBUG:Waiting for play_next event...
2025-04-27 18:27:54,074 INFO:Selected clip: ROCK MUSIC/MY CHEMICAL ROMANCE - WELCOME TO THE BLACK PARADE (CLEAN) (SINGLE)
2025-04-27 18:27:54,084 INFO:Now playing: My Chemical Romance - Welcome To The Black Parade
2025-04-27 18:27:54,084 DEBUG:Waiting for play_next event...
2025-04-27 18:33:06,967 INFO:Selected clip: ROCK MUSIC/RAGE AGAINST THE MACHINE - WAKE UP
2025-04-27 18:33:06,978 INFO:Now playing: Rage Against The Machine - Wake Up
2025-04-27 18:33:06,979 DEBUG:Waiting for play_next event...
2025-04-27 18:39:11,925 INFO:Selected clip: ROCK MUSIC/OASIS - WONDERWALL (OFFICIAL VIDEO)
2025-04-27 18:39:11,933 INFO:Now playing: Oasis - Wonderwall
2025-04-27 18:39:11,933 DEBUG:Waiting for play_next event...
2025-04-27 18:43:49,660 INFO:Selected clip: ROCK MUSIC/ADEMA - GIVING IN (VIDEO)
2025-04-27 18:43:49,667 INFO:Now playing: Adema - Giving In
2025-04-27 18:43:49,667 DEBUG:Waiting for play_next event...
2025-04-27 18:47:47,281 INFO:Selected clip: ROCK MUSIC/THE EAGLES - HOTEL CALIFORNIA (FULL LIVE VERSION) (CLEAN) (SINGLE) (HD)
2025-04-27 18:47:47,287 INFO:Now playing: The Eagles - Hotel California
2025-04-27 18:47:47,287 DEBUG:Waiting for play_next event...
2025-04-27 18:54:42,440 INFO:Selected clip: ROCK MUSIC/CREED - MY SACRIFICE
2025-04-27 18:54:42,448 INFO:Now playing: Creed - My Sacrifice
2025-04-27 18:54:42,448 DEBUG:Waiting for play_next event...
2025-04-27 18:59:22,181 INFO:Selected clip: ROCK MUSIC/FAITH NO MORE  -  EPIC (OFFICIAL MUSIC VIDEO)
2025-04-27 18:59:22,188 INFO:Now playing: Faith No More - Epic
2025-04-27 18:59:22,189 DEBUG:Waiting for play_next event...
2025-04-27 19:03:47,881 INFO:Selected clip: ROCK MUSIC/KORN - TAKE ME (CLEAN) (SINGLE) (HD)
2025-04-27 19:03:47,888 INFO:Now playing: Korn - Take Me
2025-04-27 19:03:47,888 DEBUG:Waiting for play_next event...
2025-04-27 19:06:46,372 INFO:Selected clip: ROCK MUSIC/SISTERS OF MERCY - UNDER THE GUN (CLEAN) (SINGLE) (HD)(1)
2025-04-27 19:06:46,379 INFO:Now playing: Sisters Of Mercy - Under The Gun
2025-04-27 19:06:46,380 DEBUG:Waiting for play_next event...
2025-04-27 19:10:41,009 INFO:Selected clip: ROCK MUSIC/PUDDLE OF MUDD - AWAY FROM ME
2025-04-27 19:10:41,018 INFO:Now playing: Puddle Of Mudd - Away From Me
2025-04-27 19:10:41,018 DEBUG:Waiting for play_next event...
2025-04-27 19:14:43,674 INFO:Selected clip: ROCK MUSIC/BILLY TALENT - FALLEN LEAVES (CLEAN) (SINGLE)
2025-04-27 19:14:43,681 INFO:Now playing: Billy Talent - Fallen Leaves
2025-04-27 19:14:43,681 DEBUG:Waiting for play_next event...
2025-04-27 19:18:02,250 INFO:Selected clip: ROCK MUSIC/WITHIN TEMPTATION - MOTHER EARTH
2025-04-27 19:18:02,257 INFO:Now playing: Within Temptation - Mother Earth
2025-04-27 19:18:02,258 DEBUG:Waiting for play_next event...
